<?xml version="1.0" encoding="UTF-8"?>
<!-- Generated by org.testng.reporters.JUnitReportReporter -->
<testsuite hostname="DESKTOP-4DO5TI3" failures="0" tests="1" name="Login.fb_page" time="0.003" errors="0" timestamp="28 Feb 2024 16:59:33 GMT" skipped="0">
  <testcase classname="Login.fb_page" name="loginI" time="0.003"/>
</testsuite> <!-- Login.fb_page -->
