<?xml version="1.0" encoding="UTF-8"?>
<!-- Generated by org.testng.reporters.JUnitReportReporter -->
<testsuite hostname="DESKTOP-4DO5TI3" failures="0" tests="1" name="Testing_FB.Runner_class" time="5.254" errors="0" timestamp="28 Feb 2024 16:59:33 GMT" skipped="0">
  <testcase classname="Testing_FB.Runner_class" name="loginI" time="5.254"/>
</testsuite> <!-- Testing_FB.Runner_class -->
