<?xml version="1.0" encoding="UTF-8"?>
<!-- Generated by org.testng.reporters.JUnitReportReporter -->
<testsuite hostname="DESKTOP-4DO5TI3" failures="0" tests="1" name="Testing_Script.Fblogin" time="9.115" errors="0" timestamp="28 Feb 2024 16:59:33 GMT" skipped="0">
  <testcase classname="Testing_Script.Fblogin" name="loginI" time="9.115"/>
</testsuite> <!-- Testing_Script.Fblogin -->
